<?xml version="1.0" encoding="UTF-8" ?>
<testsuite tests="5" failures="0" name="com.tavisca.HelloWorldMapperTest" time="0.378" errors="0" skipped="0">
  <properties>
[...]
</properties>
  <testcase classname="com.tavisca.HelloWorldMapperTest" name="shouldHaveDisplayType" time="0.313"/>
  <testcase classname="com.tavisca.HelloWorldMapperTest" name="shouldHaveIdId" time="0.001"/>
  <testcase classname="com.tavisca.HelloWorldMapperTest" name="shouldHaveHelpText" time="0.001"/>
  <testcase classname="com.tavisca.HelloWorldMapperTest" name="shouldHaveProperties" time="0.061"/>
  <testcase classname="com.tavisca.HelloWorldMapperTest" name="shouldTokenMapperDisplayCategory" time="0.002"/>
</testsuite>